#include "figures.h"
#include <graphics.h>
#include <conio.h>
class Arc : public Circle {
   int StartAngle;
   int EndAngle;
public:
   Arc(int InitX, int InitY, int InitRadius, int InitStartAngle, int
       InitEndAngle) : Circle (InitX, InitY, InitRadius) {
       StartAngle = InitStartAngle; EndAngle = InitEndAngle;}
   void Show();
   void Hide();
};
void Arc::Show()
{
   Visible = true;
   arc(X, Y, StartAngle, EndAngle, Radius);
}
void Arc::Hide()
{
   int TempColor;
   TempColor = getcolor();
   setcolor (getbkcolor());
   Visible = false;
   arc(X, Y, StartAngle, EndAngle, Radius);
   setcolor(TempColor);
}
int main()
{
   int graphdriver = DETECT, graphmode;
   initgraph(&graphdriver, &graphmode, "..bgi");
   Circle ACircle(151, 82, 50);
   Arc AnArc(151, 82, 25, 0, 190);
   AnArc.Drag(5);
   AnArc.Hide();
   ACircle.Drag(10);
   closegraph();
   return 0;
}
