
Windows IP 配置


无线局域网适配器 WLAN:

   媒体状态  . . . . . . . . . . . . : 媒体已断开连接
   连接特定的 DNS 后缀 . . . . . . . : 

无线局域网适配器 本地连接* 2:

   媒体状态  . . . . . . . . . . . . : 媒体已断开连接
   连接特定的 DNS 后缀 . . . . . . . : 

以太网适配器 以太网:

   连接特定的 DNS 后缀 . . . . . . . : 
   本地链接 IPv6 地址. . . . . . . . : fe80::e883:3885:8bef:4258%2
   IPv4 地址 . . . . . . . . . . . . : 10.101.34.170
   子网掩码  . . . . . . . . . . . . : 255.255.255.248
   默认网关. . . . . . . . . . . . . : 10.101.34.169

以太网适配器 蓝牙网络连接:

   媒体状态  . . . . . . . . . . . . : 媒体已断开连接
   连接特定的 DNS 后缀 . . . . . . . : 

隧道适配器 本地连接* 4:

   连接特定的 DNS 后缀 . . . . . . . : 
   IPv6 地址 . . . . . . . . . . . . : 2001:0:9d38:6ab8:28d7:4856:898e:a6ef
   本地链接 IPv6 地址. . . . . . . . : fe80::28d7:4856:898e:a6ef%11
   默认网关. . . . . . . . . . . . . : ::

隧道适配器 isatap.{03053A8D-A742-4A24-B477-490D2FAC3A7C}:

   媒体状态  . . . . . . . . . . . . : 媒体已断开连接
   连接特定的 DNS 后缀 . . . . . . . : 
ipconfig